mkdir: /Users/weidong/GoogleDrive/CMU/NLP/Can2Ch_Speech/my_festival/gen_audio/src/dnn/dump/my_gen_wav: File exists
mkdir: /Users/weidong/GoogleDrive/CMU/NLP/Can2Ch_Speech/my_festival/gen_audio/src/dnn/dump/my_gen_wav/f0_value: File exists
(voice_cmu_yue_wdy_cg)
(voice_cmu_yue_wdy_cg)
data_02783
data_03307
mkdir: /Users/weidong/GoogleDrive/CMU/NLP/Can2Ch_Speech/my_festival/gen_audio/src/dnn/dump/my_gen_wav: File exists
(voice_cmu_yue_wdy_cg)
(voice_cmu_yue_wdy_cg)
data_00005
data_00006
mkdir: /Users/weidong/GoogleDrive/CMU/NLP/Can2Ch_Speech/my_festival/gen_audio/src/dnn/dump/my_gen_wav: File exists
(voice_cmu_yue_wdy_cg)
(voice_cmu_yue_wdy_cg)
(voice_cmu_yue_wdy_cg)
(voice_cmu_yue_wdy_cg)
(voice_cmu_yue_wdy_cg)
(voice_cmu_yue_wdy_cg)
(voice_cmu_yue_wdy_cg)
(voice_cmu_yue_wdy_cg)
(voice_cmu_yue_wdy_cg)
(voice_cmu_yue_wdy_cg)
(voice_cmu_yue_wdy_cg)
(voice_cmu_yue_wdy_cg)
(voice_cmu_yue_wdy_cg)
(voice_cmu_yue_wdy_cg)
(voice_cmu_yue_wdy_cg)
(voice_cmu_yue_wdy_cg)
(voice_cmu_yue_wdy_cg)
(voice_cmu_yue_wdy_cg)
(voice_cmu_yue_wdy_cg)
(voice_cmu_yue_wdy_cg)
(voice_cmu_yue_wdy_cg)
(voice_cmu_yue_wdy_cg)
(voice_cmu_yue_wdy_cg)
(voice_cmu_yue_wdy_cg)
(voice_cmu_yue_wdy_cg)
(voice_cmu_yue_wdy_cg)
(voice_cmu_yue_wdy_cg)
(voice_cmu_yue_wdy_cg)
(voice_cmu_yue_wdy_cg)
(voice_cmu_yue_wdy_cg)
(voice_cmu_yue_wdy_cg)
(voice_cmu_yue_wdy_cg)
(voice_cmu_yue_wdy_cg)
(voice_cmu_yue_wdy_cg)
(voice_cmu_yue_wdy_cg)
(voice_cmu_yue_wdy_cg)
(voice_cmu_yue_wdy_cg)
(voice_cmu_yue_wdy_cg)
(voice_cmu_yue_wdy_cg)
(voice_cmu_yue_wdy_cg)
(voice_cmu_yue_wdy_cg)
(voice_cmu_yue_wdy_cg)
(voice_cmu_yue_wdy_cg)
(voice_cmu_yue_wdy_cg)
(voice_cmu_yue_wdy_cg)
(voice_cmu_yue_wdy_cg)
(voice_cmu_yue_wdy_cg)
(voice_cmu_yue_wdy_cg)
(voice_cmu_yue_wdy_cg)
(voice_cmu_yue_wdy_cg)
(voice_cmu_yue_wdy_cg)
(voice_cmu_yue_wdy_cg)
(voice_cmu_yue_wdy_cg)
(voice_cmu_yue_wdy_cg)
(voice_cmu_yue_wdy_cg)
(voice_cmu_yue_wdy_cg)
(voice_cmu_yue_wdy_cg)
(voice_cmu_yue_wdy_cg)
(voice_cmu_yue_wdy_cg)
(voice_cmu_yue_wdy_cg)
(voice_cmu_yue_wdy_cg)
(voice_cmu_yue_wdy_cg)
(voice_cmu_yue_wdy_cg)
(voice_cmu_yue_wdy_cg)
(voice_cmu_yue_wdy_cg)
(voice_cmu_yue_wdy_cg)
(voice_cmu_yue_wdy_cg)
(voice_cmu_yue_wdy_cg)
(voice_cmu_yue_wdy_cg)
(voice_cmu_yue_wdy_cg)
(voice_cmu_yue_wdy_cg)
(voice_cmu_yue_wdy_cg)
(voice_cmu_yue_wdy_cg)
(voice_cmu_yue_wdy_cg)
(voice_cmu_yue_wdy_cg)
(voice_cmu_yue_wdy_cg)
(voice_cmu_yue_wdy_cg)
(voice_cmu_yue_wdy_cg)
(voice_cmu_yue_wdy_cg)
(voice_cmu_yue_wdy_cg)
(voice_cmu_yue_wdy_cg)
(voice_cmu_yue_wdy_cg)
(voice_cmu_yue_wdy_cg)
(voice_cmu_yue_wdy_cg)
(voice_cmu_yue_wdy_cg)
(voice_cmu_yue_wdy_cg)
(voice_cmu_yue_wdy_cg)
(voice_cmu_yue_wdy_cg)
(voice_cmu_yue_wdy_cg)
(voice_cmu_yue_wdy_cg)
(voice_cmu_yue_wdy_cg)
(voice_cmu_yue_wdy_cg)
(voice_cmu_yue_wdy_cg)
(voice_cmu_yue_wdy_cg)
(voice_cmu_yue_wdy_cg)
(voice_cmu_yue_wdy_cg)
(voice_cmu_yue_wdy_cg)
(voice_cmu_yue_wdy_cg)
(voice_cmu_yue_wdy_cg)
(voice_cmu_yue_wdy_cg)
(voice_cmu_yue_wdy_cg)
(voice_cmu_yue_wdy_cg)
(voice_cmu_yue_wdy_cg)
(voice_cmu_yue_wdy_cg)
(voice_cmu_yue_wdy_cg)
(voice_cmu_yue_wdy_cg)
(voice_cmu_yue_wdy_cg)
(voice_cmu_yue_wdy_cg)
(voice_cmu_yue_wdy_cg)
(voice_cmu_yue_wdy_cg)
(voice_cmu_yue_wdy_cg)
(voice_cmu_yue_wdy_cg)
(voice_cmu_yue_wdy_cg)
(voice_cmu_yue_wdy_cg)
(voice_cmu_yue_wdy_cg)
(voice_cmu_yue_wdy_cg)
(voice_cmu_yue_wdy_cg)
(voice_cmu_yue_wdy_cg)
(voice_cmu_yue_wdy_cg)
(voice_cmu_yue_wdy_cg)
(voice_cmu_yue_wdy_cg)
(voice_cmu_yue_wdy_cg)
(voice_cmu_yue_wdy_cg)
(voice_cmu_yue_wdy_cg)
(voice_cmu_yue_wdy_cg)
(voice_cmu_yue_wdy_cg)
(voice_cmu_yue_wdy_cg)
(voice_cmu_yue_wdy_cg)
(voice_cmu_yue_wdy_cg)
(voice_cmu_yue_wdy_cg)
(voice_cmu_yue_wdy_cg)
(voice_cmu_yue_wdy_cg)
(voice_cmu_yue_wdy_cg)
(voice_cmu_yue_wdy_cg)
(voice_cmu_yue_wdy_cg)
(voice_cmu_yue_wdy_cg)
(voice_cmu_yue_wdy_cg)
(voice_cmu_yue_wdy_cg)
(voice_cmu_yue_wdy_cg)
(voice_cmu_yue_wdy_cg)
(voice_cmu_yue_wdy_cg)
(voice_cmu_yue_wdy_cg)
(voice_cmu_yue_wdy_cg)
(voice_cmu_yue_wdy_cg)
(voice_cmu_yue_wdy_cg)
(voice_cmu_yue_wdy_cg)
(voice_cmu_yue_wdy_cg)
(voice_cmu_yue_wdy_cg)
(voice_cmu_yue_wdy_cg)
(voice_cmu_yue_wdy_cg)
(voice_cmu_yue_wdy_cg)
(voice_cmu_yue_wdy_cg)
(voice_cmu_yue_wdy_cg)
(voice_cmu_yue_wdy_cg)
(voice_cmu_yue_wdy_cg)
(voice_cmu_yue_wdy_cg)
(voice_cmu_yue_wdy_cg)
(voice_cmu_yue_wdy_cg)
(voice_cmu_yue_wdy_cg)
(voice_cmu_yue_wdy_cg)
(voice_cmu_yue_wdy_cg)
(voice_cmu_yue_wdy_cg)
(voice_cmu_yue_wdy_cg)
(voice_cmu_yue_wdy_cg)
(voice_cmu_yue_wdy_cg)
(voice_cmu_yue_wdy_cg)
(voice_cmu_yue_wdy_cg)
(voice_cmu_yue_wdy_cg)
(voice_cmu_yue_wdy_cg)
(voice_cmu_yue_wdy_cg)
(voice_cmu_yue_wdy_cg)
(voice_cmu_yue_wdy_cg)
(voice_cmu_yue_wdy_cg)
(voice_cmu_yue_wdy_cg)
(voice_cmu_yue_wdy_cg)
(voice_cmu_yue_wdy_cg)
(voice_cmu_yue_wdy_cg)
(voice_cmu_yue_wdy_cg)
(voice_cmu_yue_wdy_cg)
(voice_cmu_yue_wdy_cg)
(voice_cmu_yue_wdy_cg)
(voice_cmu_yue_wdy_cg)
(voice_cmu_yue_wdy_cg)
(voice_cmu_yue_wdy_cg)
(voice_cmu_yue_wdy_cg)
(voice_cmu_yue_wdy_cg)
(voice_cmu_yue_wdy_cg)
(voice_cmu_yue_wdy_cg)
(voice_cmu_yue_wdy_cg)
(voice_cmu_yue_wdy_cg)
(voice_cmu_yue_wdy_cg)
(voice_cmu_yue_wdy_cg)
(voice_cmu_yue_wdy_cg)
(voice_cmu_yue_wdy_cg)
(voice_cmu_yue_wdy_cg)
(voice_cmu_yue_wdy_cg)
(voice_cmu_yue_wdy_cg)
(voice_cmu_yue_wdy_cg)
(voice_cmu_yue_wdy_cg)
(voice_cmu_yue_wdy_cg)
(voice_cmu_yue_wdy_cg)
(voice_cmu_yue_wdy_cg)
(voice_cmu_yue_wdy_cg)
(voice_cmu_yue_wdy_cg)
(voice_cmu_yue_wdy_cg)
(voice_cmu_yue_wdy_cg)
(voice_cmu_yue_wdy_cg)
(voice_cmu_yue_wdy_cg)
(voice_cmu_yue_wdy_cg)
(voice_cmu_yue_wdy_cg)
(voice_cmu_yue_wdy_cg)
(voice_cmu_yue_wdy_cg)
(voice_cmu_yue_wdy_cg)
(voice_cmu_yue_wdy_cg)
(voice_cmu_yue_wdy_cg)
(voice_cmu_yue_wdy_cg)
(voice_cmu_yue_wdy_cg)
(voice_cmu_yue_wdy_cg)
(voice_cmu_yue_wdy_cg)
(voice_cmu_yue_wdy_cg)
(voice_cmu_yue_wdy_cg)
(voice_cmu_yue_wdy_cg)
(voice_cmu_yue_wdy_cg)
(voice_cmu_yue_wdy_cg)
(voice_cmu_yue_wdy_cg)
(voice_cmu_yue_wdy_cg)
(voice_cmu_yue_wdy_cg)
(voice_cmu_yue_wdy_cg)
(voice_cmu_yue_wdy_cg)
(voice_cmu_yue_wdy_cg)
(voice_cmu_yue_wdy_cg)
(voice_cmu_yue_wdy_cg)
(voice_cmu_yue_wdy_cg)
(voice_cmu_yue_wdy_cg)
(voice_cmu_yue_wdy_cg)
(voice_cmu_yue_wdy_cg)
(voice_cmu_yue_wdy_cg)
(voice_cmu_yue_wdy_cg)
(voice_cmu_yue_wdy_cg)
(voice_cmu_yue_wdy_cg)
(voice_cmu_yue_wdy_cg)
(voice_cmu_yue_wdy_cg)
(voice_cmu_yue_wdy_cg)
(voice_cmu_yue_wdy_cg)
(voice_cmu_yue_wdy_cg)
(voice_cmu_yue_wdy_cg)
(voice_cmu_yue_wdy_cg)
(voice_cmu_yue_wdy_cg)
(voice_cmu_yue_wdy_cg)
(voice_cmu_yue_wdy_cg)
(voice_cmu_yue_wdy_cg)
(voice_cmu_yue_wdy_cg)
(voice_cmu_yue_wdy_cg)
(voice_cmu_yue_wdy_cg)
(voice_cmu_yue_wdy_cg)
(voice_cmu_yue_wdy_cg)
(voice_cmu_yue_wdy_cg)
(voice_cmu_yue_wdy_cg)
(voice_cmu_yue_wdy_cg)
(voice_cmu_yue_wdy_cg)
(voice_cmu_yue_wdy_cg)
(voice_cmu_yue_wdy_cg)
(voice_cmu_yue_wdy_cg)
(voice_cmu_yue_wdy_cg)
(voice_cmu_yue_wdy_cg)
(voice_cmu_yue_wdy_cg)
(voice_cmu_yue_wdy_cg)
(voice_cmu_yue_wdy_cg)
(voice_cmu_yue_wdy_cg)
(voice_cmu_yue_wdy_cg)
(voice_cmu_yue_wdy_cg)
(voice_cmu_yue_wdy_cg)
(voice_cmu_yue_wdy_cg)
(voice_cmu_yue_wdy_cg)
(voice_cmu_yue_wdy_cg)
(voice_cmu_yue_wdy_cg)
(voice_cmu_yue_wdy_cg)
(voice_cmu_yue_wdy_cg)
(voice_cmu_yue_wdy_cg)
(voice_cmu_yue_wdy_cg)
(voice_cmu_yue_wdy_cg)
(voice_cmu_yue_wdy_cg)
(voice_cmu_yue_wdy_cg)
(voice_cmu_yue_wdy_cg)
(voice_cmu_yue_wdy_cg)
(voice_cmu_yue_wdy_cg)
(voice_cmu_yue_wdy_cg)
(voice_cmu_yue_wdy_cg)
(voice_cmu_yue_wdy_cg)
(voice_cmu_yue_wdy_cg)
(voice_cmu_yue_wdy_cg)
(voice_cmu_yue_wdy_cg)
(voice_cmu_yue_wdy_cg)
(voice_cmu_yue_wdy_cg)
(voice_cmu_yue_wdy_cg)
(voice_cmu_yue_wdy_cg)
(voice_cmu_yue_wdy_cg)
(voice_cmu_yue_wdy_cg)
(voice_cmu_yue_wdy_cg)
(voice_cmu_yue_wdy_cg)
(voice_cmu_yue_wdy_cg)
(voice_cmu_yue_wdy_cg)
(voice_cmu_yue_wdy_cg)
(voice_cmu_yue_wdy_cg)
(voice_cmu_yue_wdy_cg)
(voice_cmu_yue_wdy_cg)
(voice_cmu_yue_wdy_cg)
(voice_cmu_yue_wdy_cg)
(voice_cmu_yue_wdy_cg)
(voice_cmu_yue_wdy_cg)
(voice_cmu_yue_wdy_cg)
(voice_cmu_yue_wdy_cg)
(voice_cmu_yue_wdy_cg)
(voice_cmu_yue_wdy_cg)
(voice_cmu_yue_wdy_cg)
(voice_cmu_yue_wdy_cg)
(voice_cmu_yue_wdy_cg)
(voice_cmu_yue_wdy_cg)
(voice_cmu_yue_wdy_cg)
(voice_cmu_yue_wdy_cg)
(voice_cmu_yue_wdy_cg)
(voice_cmu_yue_wdy_cg)
(voice_cmu_yue_wdy_cg)
(voice_cmu_yue_wdy_cg)
(voice_cmu_yue_wdy_cg)
(voice_cmu_yue_wdy_cg)
(voice_cmu_yue_wdy_cg)
(voice_cmu_yue_wdy_cg)
(voice_cmu_yue_wdy_cg)
(voice_cmu_yue_wdy_cg)
(voice_cmu_yue_wdy_cg)
(voice_cmu_yue_wdy_cg)
(voice_cmu_yue_wdy_cg)
(voice_cmu_yue_wdy_cg)
(voice_cmu_yue_wdy_cg)
(voice_cmu_yue_wdy_cg)
(voice_cmu_yue_wdy_cg)
(voice_cmu_yue_wdy_cg)
(voice_cmu_yue_wdy_cg)
(voice_cmu_yue_wdy_cg)
(voice_cmu_yue_wdy_cg)
(voice_cmu_yue_wdy_cg)
(voice_cmu_yue_wdy_cg)
(voice_cmu_yue_wdy_cg)
(voice_cmu_yue_wdy_cg)
(voice_cmu_yue_wdy_cg)
(voice_cmu_yue_wdy_cg)
(voice_cmu_yue_wdy_cg)
(voice_cmu_yue_wdy_cg)
(voice_cmu_yue_wdy_cg)
(voice_cmu_yue_wdy_cg)
(voice_cmu_yue_wdy_cg)
(voice_cmu_yue_wdy_cg)
(voice_cmu_yue_wdy_cg)
(voice_cmu_yue_wdy_cg)
(voice_cmu_yue_wdy_cg)
(voice_cmu_yue_wdy_cg)
(voice_cmu_yue_wdy_cg)
(voice_cmu_yue_wdy_cg)
(voice_cmu_yue_wdy_cg)
(voice_cmu_yue_wdy_cg)
(voice_cmu_yue_wdy_cg)
(voice_cmu_yue_wdy_cg)
(voice_cmu_yue_wdy_cg)
(voice_cmu_yue_wdy_cg)
(voice_cmu_yue_wdy_cg)
(voice_cmu_yue_wdy_cg)
(voice_cmu_yue_wdy_cg)
(voice_cmu_yue_wdy_cg)
(voice_cmu_yue_wdy_cg)
(voice_cmu_yue_wdy_cg)
(voice_cmu_yue_wdy_cg)
data_00005
data_00006
data_00008
data_00012
data_00013
data_00018
data_00030
data_00031
data_00034
data_00040
data_00044
data_00048
data_00051
data_00059
data_00065
data_00067
data_00068
data_00071
data_00073
data_00077
data_00082
data_00083
data_00085
data_00086
data_00093
data_00095
data_00099
data_00107
data_00127
data_00128
data_00133
data_00143
data_00145
data_00152
data_00154
data_00157
data_00169
data_00174
data_00178
data_00180
data_00186
data_00193
data_00195
data_00199
data_00200
data_00205
data_00206
data_00209
data_00212
data_00226
data_00229
data_00232
data_00239
data_00243
data_00247
data_00249
data_00250
data_00275
data_00277
data_00281
data_00292
data_00297
data_00300
data_00304
data_00313
data_00318
data_00321
data_00325
data_00327
data_00330
data_00334
data_00341
data_00343
data_00364
data_00366
data_00367
data_00371
data_00376
data_00381
data_00383
data_00387
data_00388
data_00394
data_00396
data_00399
data_00404
data_00406
data_00413
data_00415
data_00433
data_00437
data_00438
data_00440
data_00441
data_00445
data_00446
data_00452
data_00460
data_00477
data_00480
data_00485
data_00487
data_00489
data_00490
data_00494
data_00495
data_00499
data_00501
data_00506
data_00508
data_00517
data_00518
data_00522
data_00527
data_00532
data_00535
data_00539
data_00552
data_00557
data_00564
data_00568
data_00569
data_00572
data_00578
data_00582
data_00589
data_00590
data_00593
data_00597
data_00601
data_00604
data_00610
data_00614
data_00622
data_00628
data_00629
data_00634
data_00636
data_00639
data_00644
data_00672
data_00676
data_00683
data_00684
data_00693
data_00695
data_00696
data_00698
data_00710
data_00712
data_00715
data_00718
data_00725
data_00731
data_00732
data_00733
data_00734
data_00738
data_00742
data_00746
data_00747
data_00748
data_00753
data_00757
data_00758
data_00763
data_00769
data_00774
data_00776
data_00781
data_00783
data_00793
data_00796
data_00804
data_00815
data_00816
data_00817
data_00822
data_00829
data_00839
data_00841
data_00843
data_00848
data_00849
data_00862
data_00874
data_00882
data_00886
data_00887
data_00904
data_00910
data_00918
data_00921
data_00922
data_00928
data_00936
data_00937
data_00948
data_00951
data_00959
data_00967
data_00976
data_00978
data_00993
data_00994
data_00996
data_01001
data_01008
data_01021
data_01025
data_01029
data_01031
data_01036
data_01044
data_01051
data_01059
data_01061
data_01069
data_01097
data_01100
data_01105
data_01121
data_01135
data_01142
data_01144
data_01145
data_01147
data_01154
data_01160
data_01161
data_01168
data_01169
data_01173
data_01180
data_01187
data_01193
data_01196
data_01214
data_01215
data_01231
data_01233
data_01249
data_01251
data_01257
data_01260
data_01263
data_01266
data_01269
data_01271
data_01273
data_01274
data_01278
data_01282
data_01283
data_01296
data_01297
data_01310
data_01314
data_01325
data_01326
data_01332
data_01362
data_01366
data_01384
data_01385
data_01389
data_01404
data_01412
data_01414
data_01417
data_01418
data_01419
data_01420
data_01445
data_01448
data_01451
data_01457
data_01458
data_01463
data_01470
data_01472
data_01473
data_01480
data_01495
data_01500
data_01503
data_01505
data_01510
data_01518
data_01520
data_01523
data_01525
data_01526
data_01532
data_01537
data_01540
data_01544
data_01545
data_01549
data_01550
data_01554
data_01558
data_01569
data_01578
data_01589
data_01592
data_01595
data_01597
data_01599
data_01600
data_01602
data_01603
data_01604
data_01621
data_01625
data_01626
data_01630
data_01631
data_01651
data_01655
data_01657
data_01665
data_01668
data_01679
data_01680
data_01697
data_01702
data_01710
data_01712
data_01717
data_01723
data_01726
data_01728
data_01731
data_01732
data_01737
data_01743
data_01751
data_01752
data_01753
data_01760
data_01761
data_01765
data_01773
data_01776
data_01777
data_01779
data_01785
data_01793
data_01797
data_01803
data_01806
data_01812
data_01815
data_01820
data_01821
data_01831
data_01832
data_01839
data_01841
data_01842
data_01846
data_01864
data_01868
data_01872
data_01876
data_01877
data_01881
data_01887
data_01889
data_01900
data_01913
data(voice_cmu_yue_wdy_cg)
(voice_cmu_yue_wdy_cg)
(voice_cmu_yue_wdy_cg)
(voice_cmu_yue_wdy_cg)
(voice_cmu_yue_wdy_cg)
(voice_cmu_yue_wdy_cg)
(voice_cmu_yue_wdy_cg)
(voice_cmu_yue_wdy_cg)
(voice_cmu_yue_wdy_cg)
(voice_cmu_yue_wdy_cg)
(voice_cmu_yue_wdy_cg)
(voice_cmu_yue_wdy_cg)
(voice_cmu_yue_wdy_cg)
(voice_cmu_yue_wdy_cg)
(voice_cmu_yue_wdy_cg)
(voice_cmu_yue_wdy_cg)
(voice_cmu_yue_wdy_cg)
(voice_cmu_yue_wdy_cg)
(voice_cmu_yue_wdy_cg)
(voice_cmu_yue_wdy_cg)
(voice_cmu_yue_wdy_cg)
(voice_cmu_yue_wdy_cg)
(voice_cmu_yue_wdy_cg)
(voice_cmu_yue_wdy_cg)
(voice_cmu_yue_wdy_cg)
(voice_cmu_yue_wdy_cg)
(voice_cmu_yue_wdy_cg)
(voice_cmu_yue_wdy_cg)
(voice_cmu_yue_wdy_cg)
(voice_cmu_yue_wdy_cg)
(voice_cmu_yue_wdy_cg)
(voice_cmu_yue_wdy_cg)
(voice_cmu_yue_wdy_cg)
(voice_cmu_yue_wdy_cg)
(voice_cmu_yue_wdy_cg)
(voice_cmu_yue_wdy_cg)
(voice_cmu_yue_wdy_cg)
(voice_cmu_yue_wdy_cg)
(voice_cmu_yue_wdy_cg)
(voice_cmu_yue_wdy_cg)
(voice_cmu_yue_wdy_cg)
(voice_cmu_yue_wdy_cg)
(voice_cmu_yue_wdy_cg)
(voice_cmu_yue_wdy_cg)
(voice_cmu_yue_wdy_cg)
(voice_cmu_yue_wdy_cg)
(voice_cmu_yue_wdy_cg)
(voice_cmu_yue_wdy_cg)
(voice_cmu_yue_wdy_cg)
(voice_cmu_yue_wdy_cg)
(voice_cmu_yue_wdy_cg)
(voice_cmu_yue_wdy_cg)
(voice_cmu_yue_wdy_cg)
(voice_cmu_yue_wdy_cg)
(voice_cmu_yue_wdy_cg)
(voice_cmu_yue_wdy_cg)
(voice_cmu_yue_wdy_cg)
(voice_cmu_yue_wdy_cg)
(voice_cmu_yue_wdy_cg)
(voice_cmu_yue_wdy_cg)
(voice_cmu_yue_wdy_cg)
(voice_cmu_yue_wdy_cg)
(voice_cmu_yue_wdy_cg)
(voice_cmu_yue_wdy_cg)
(voice_cmu_yue_wdy_cg)
(voice_cmu_yue_wdy_cg)
(voice_cmu_yue_wdy_cg)
(voice_cmu_yue_wdy_cg)
(voice_cmu_yue_wdy_cg)
(voice_cmu_yue_wdy_cg)
(voice_cmu_yue_wdy_cg)
(voice_cmu_yue_wdy_cg)
(voice_cmu_yue_wdy_cg)
(voice_cmu_yue_wdy_cg)
(voice_cmu_yue_wdy_cg)
(voice_cmu_yue_wdy_cg)
(voice_cmu_yue_wdy_cg)
(voice_cmu_yue_wdy_cg)
(voice_cmu_yue_wdy_cg)
(voice_cmu_yue_wdy_cg)
(voice_cmu_yue_wdy_cg)
(voice_cmu_yue_wdy_cg)
(voice_cmu_yue_wdy_cg)
(voice_cmu_yue_wdy_cg)
(voice_cmu_yue_wdy_cg)
(voice_cmu_yue_wdy_cg)
(voice_cmu_yue_wdy_cg)
(voice_cmu_yue_wdy_cg)
(voice_cmu_yue_wdy_cg)
(voice_cmu_yue_wdy_cg)
(voice_cmu_yue_wdy_cg)
(voice_cmu_yue_wdy_cg)
(voice_cmu_yue_wdy_cg)
(voice_cmu_yue_wdy_cg)
(voice_cmu_yue_wdy_cg)
(voice_cmu_yue_wdy_cg)
(voice_cmu_yue_wdy_cg)
(voice_cmu_yue_wdy_cg)
(voice_cmu_yue_wdy_cg)
(voice_cmu_yue_wdy_cg)
(voice_cmu_yue_wdy_cg)
(voice_cmu_yue_wdy_cg)
(voice_cmu_yue_wdy_cg)
(voice_cmu_yue_wdy_cg)
(voice_cmu_yue_wdy_cg)
(voice_cmu_yue_wdy_cg)
(voice_cmu_yue_wdy_cg)
(voice_cmu_yue_wdy_cg)
(voice_cmu_yue_wdy_cg)
(voice_cmu_yue_wdy_cg)
(voice_cmu_yue_wdy_cg)
(voice_cmu_yue_wdy_cg)
(voice_cmu_yue_wdy_cg)
(voice_cmu_yue_wdy_cg)
(voice_cmu_yue_wdy_cg)
(voice_cmu_yue_wdy_cg)
(voice_cmu_yue_wdy_cg)
(voice_cmu_yue_wdy_cg)
(voice_cmu_yue_wdy_cg)
(voice_cmu_yue_wdy_cg)
(voice_cmu_yue_wdy_cg)
(voice_cmu_yue_wdy_cg)
(voice_cmu_yue_wdy_cg)
(voice_cmu_yue_wdy_cg)
(voice_cmu_yue_wdy_cg)
(voice_cmu_yue_wdy_cg)
(voice_cmu_yue_wdy_cg)
(voice_cmu_yue_wdy_cg)
(voice_cmu_yue_wdy_cg)
(voice_cmu_yue_wdy_cg)
(voice_cmu_yue_wdy_cg)
(voice_cmu_yue_wdy_cg)
(voice_cmu_yue_wdy_cg)
(voice_cmu_yue_wdy_cg)
(voice_cmu_yue_wdy_cg)
(voice_cmu_yue_wdy_cg)
(voice_cmu_yue_wdy_cg)
(voice_cmu_yue_wdy_cg)
(voice_cmu_yue_wdy_cg)
(voice_cmu_yue_wdy_cg)
(voice_cmu_yue_wdy_cg)
(voice_cmu_yue_wdy_cg)
(voice_cmu_yue_wdy_cg)
(voice_cmu_yue_wdy_cg)
(voice_cmu_yue_wdy_cg)
(voice_cmu_yue_wdy_cg)
(voice_cmu_yue_wdy_cg)
(voice_cmu_yue_wdy_cg)
(voice_cmu_yue_wdy_cg)
(voice_cmu_yue_wdy_cg)
(voice_cmu_yue_wdy_cg)
(voice_cmu_yue_wdy_cg)
(voice_cmu_yue_wdy_cg)
(voice_cmu_yue_wdy_cg)
(voice_cmu_yue_wdy_cg)
(voice_cmu_yue_wdy_cg)
(voice_cmu_yue_wdy_cg)
(voice_cmu_yue_wdy_cg)
(voice_cmu_yue_wdy_cg)
(voice_cmu_yue_wdy_cg)
(voice_cmu_yue_wdy_cg)
(voice_cmu_yue_wdy_cg)
(voice_cmu_yue_wdy_cg)
(voice_cmu_yue_wdy_cg)
(voice_cmu_yue_wdy_cg)
(voice_cmu_yue_wdy_cg)
(voice_cmu_yue_wdy_cg)
(voice_cmu_yue_wdy_cg)
(voice_cmu_yue_wdy_cg)
(voice_cmu_yue_wdy_cg)
(voice_cmu_yue_wdy_cg)
(voice_cmu_yue_wdy_cg)
(voice_cmu_yue_wdy_cg)
(voice_cmu_yue_wdy_cg)
(voice_cmu_yue_wdy_cg)
(voice_cmu_yue_wdy_cg)
(voice_cmu_yue_wdy_cg)
(voice_cmu_yue_wdy_cg)
(voice_cmu_yue_wdy_cg)
(voice_cmu_yue_wdy_cg)
(voice_cmu_yue_wdy_cg)
(voice_cmu_yue_wdy_cg)
(voice_cmu_yue_wdy_cg)
(voice_cmu_yue_wdy_cg)
(voice_cmu_yue_wdy_cg)
(voice_cmu_yue_wdy_cg)
(voice_cmu_yue_wdy_cg)
(voice_cmu_yue_wdy_cg)
(voice_cmu_yue_wdy_cg)
(voice_cmu_yue_wdy_cg)
(voice_cmu_yue_wdy_cg)
(voice_cmu_yue_wdy_cg)
(voice_cmu_yue_wdy_cg)
(voice_cmu_yue_wdy_cg)
(voice_cmu_yue_wdy_cg)
(voice_cmu_yue_wdy_cg)
(voice_cmu_yue_wdy_cg)
(voice_cmu_yue_wdy_cg)
(voice_cmu_yue_wdy_cg)
(voice_cmu_yue_wdy_cg)
(voice_cmu_yue_wdy_cg)
(voice_cmu_yue_wdy_cg)
(voice_cmu_yue_wdy_cg)
(voice_cmu_yue_wdy_cg)
(voice_cmu_yue_wdy_cg)
(voice_cmu_yue_wdy_cg)
(voice_cmu_yue_wdy_cg)
(voice_cmu_yue_wdy_cg)
(voice_cmu_yue_wdy_cg)
(voice_cmu_yue_wdy_cg)
(voice_cmu_yue_wdy_cg)
(voice_cmu_yue_wdy_cg)
(voice_cmu_yue_wdy_cg)
(voice_cmu_yue_wdy_cg)
(voice_cmu_yue_wdy_cg)
(voice_cmu_yue_wdy_cg)
(voice_cmu_yue_wdy_cg)
(voice_cmu_yue_wdy_cg)
(voice_cmu_yue_wdy_cg)
(voice_cmu_yue_wdy_cg)
(voice_cmu_yue_wdy_cg)
(voice_cmu_yue_wdy_cg)
(voice_cmu_yue_wdy_cg)
(voice_cmu_yue_wdy_cg)
(voice_cmu_yue_wdy_cg)
(voice_cmu_yue_wdy_cg)
(voice_cmu_yue_wdy_cg)
(voice_cmu_yue_wdy_cg)
(voice_cmu_yue_wdy_cg)
(voice_cmu_yue_wdy_cg)
(voice_cmu_yue_wdy_cg)
(voice_cmu_yue_wdy_cg)
(voice_cmu_yue_wdy_cg)
(voice_cmu_yue_wdy_cg)
(voice_cmu_yue_wdy_cg)
(voice_cmu_yue_wdy_cg)
(voice_cmu_yue_wdy_cg)
(voice_cmu_yue_wdy_cg)
(voice_cmu_yue_wdy_cg)
(voice_cmu_yue_wdy_cg)
(voice_cmu_yue_wdy_cg)
(voice_cmu_yue_wdy_cg)
(voice_cmu_yue_wdy_cg)
(voice_cmu_yue_wdy_cg)
(voice_cmu_yue_wdy_cg)
(voice_cmu_yue_wdy_cg)
(voice_cmu_yue_wdy_cg)
(voice_cmu_yue_wdy_cg)
(voice_cmu_yue_wdy_cg)
(voice_cmu_yue_wdy_cg)
(voice_cmu_yue_wdy_cg)
(voice_cmu_yue_wdy_cg)
(voice_cmu_yue_wdy_cg)
(voice_cmu_yue_wdy_cg)
(voice_cmu_yue_wdy_cg)
(voice_cmu_yue_wdy_cg)
(voice_cmu_yue_wdy_cg)
(voice_cmu_yue_wdy_cg)
(voice_cmu_yue_wdy_cg)
(voice_cmu_yue_wdy_cg)
(voice_cmu_yue_wdy_cg)
(voice_cmu_yue_wdy_cg)
(voice_cmu_yue_wdy_cg)
(voice_cmu_yue_wdy_cg)
(voice_cmu_yue_wdy_cg)
(voice_cmu_yue_wdy_cg)
(voice_cmu_yue_wdy_cg)
(voice_cmu_yue_wdy_cg)
(voice_cmu_yue_wdy_cg)
(voice_cmu_yue_wdy_cg)
(voice_cmu_yue_wdy_cg)
(voice_cmu_yue_wdy_cg)
(voice_cmu_yue_wdy_cg)
(voice_cmu_yue_wdy_cg)
(voice_cmu_yue_wdy_cg)
(voice_cmu_yue_wdy_cg)
(voice_cmu_yue_wdy_cg)
(voice_cmu_yue_wdy_cg)
(voice_cmu_yue_wdy_cg)
(voice_cmu_yue_wdy_cg)
(voice_cmu_yue_wdy_cg)
(voice_cmu_yue_wdy_cg)
(voice_cmu_yue_wdy_cg)
(voice_cmu_yue_wdy_cg)
(voice_cmu_yue_wdy_cg)
(voice_cmu_yue_wdy_cg)
(voice_cmu_yue_wdy_cg)
(voice_cmu_yue_wdy_cg)
(voice_cmu_yue_wdy_cg)
(voice_cmu_yue_wdy_cg)
(voice_cmu_yue_wdy_cg)
(voice_cmu_yue_wdy_cg)
(voice_cmu_yue_wdy_cg)
(voice_cmu_yue_wdy_cg)
(voice_cmu_yue_wdy_cg)
(voice_cmu_yue_wdy_cg)
(voice_cmu_yue_wdy_cg)
(voice_cmu_yue_wdy_cg)
(voice_cmu_yue_wdy_cg)
(voice_cmu_yue_wdy_cg)
(voice_cmu_yue_wdy_cg)
(voice_cmu_yue_wdy_cg)
(voice_cmu_yue_wdy_cg)
(voice_cmu_yue_wdy_cg)
(voice_cmu_yue_wdy_cg)
(voice_cmu_yue_wdy_cg)
(voice_cmu_yue_wdy_cg)
(voice_cmu_yue_wdy_cg)
(voice_cmu_yue_wdy_cg)
(voice_cmu_yue_wdy_cg)
(voice_cmu_yue_wdy_cg)
(voice_cmu_yue_wdy_cg)
(voice_cmu_yue_wdy_cg)
(voice_cmu_yue_wdy_cg)
(voice_cmu_yue_wdy_cg)
(voice_cmu_yue_wdy_cg)
(voice_cmu_yue_wdy_cg)
(voice_cmu_yue_wdy_cg)
(voice_cmu_yue_wdy_cg)
(voice_cmu_yue_wdy_cg)
(voice_cmu_yue_wdy_cg)
(voice_cmu_yue_wdy_cg)
(voice_cmu_yue_wdy_cg)
(voice_cmu_yue_wdy_cg)
(voice_cmu_yue_wdy_cg)
(voice_cmu_yue_wdy_cg)
(voice_cmu_yue_wdy_cg)
(voice_cmu_yue_wdy_cg)
(voice_cmu_yue_wdy_cg)
(voice_cmu_yue_wdy_cg)
(voice_cmu_yue_wdy_cg)
(voice_cmu_yue_wdy_cg)
(voice_cmu_yue_wdy_cg)
(voice_cmu_yue_wdy_cg)
(voice_cmu_yue_wdy_cg)
(voice_cmu_yue_wdy_cg)
(voice_cmu_yue_wdy_cg)
(voice_cmu_yue_wdy_cg)
(voice_cmu_yue_wdy_cg)
(voice_cmu_yue_wdy_cg)
(voice_cmu_yue_wdy_cg)
(voice_cmu_yue_wdy_cg)
(voice_cmu_yue_wdy_cg)
(voice_cmu_yue_wdy_cg)
(voice_cmu_yue_wdy_cg)
(voice_cmu_yue_wdy_cg)
(voice_cmu_yue_wdy_cg)
(voice_cmu_yue_wdy_cg)
(voice_cmu_yue_wdy_cg)
(voice_cmu_yue_wdy_cg)
(voice_cmu_yue_wdy_cg)
(voice_cmu_yue_wdy_cg)
(voice_cmu_yue_wdy_cg)
(voice_cmu_yue_wdy_cg)
(voice_cmu_yue_wdy_cg)
(voice_cmu_yue_wdy_cg)
(voice_cmu_yue_wdy_cg)
(voice_cmu_yue_wdy_cg)
(voice_cmu_yue_wdy_cg)
(voice_cmu_yue_wdy_cg)
(voice_cmu_yue_wdy_cg)
(voice_cmu_yue_wdy_cg)
(voice_cmu_yue_wdy_cg)
(voice_cmu_yue_wdy_cg)
(voice_cmu_yue_wdy_cg)
(voice_cmu_yue_wdy_cg)
(voice_cmu_yue_wdy_cg)
(voice_cmu_yue_wdy_cg)
(voice_cmu_yue_wdy_cg)
(voice_cmu_yue_wdy_cg)
(voice_cmu_yue_wdy_cg)
(voice_cmu_yue_wdy_cg)
_01917
data_01918
data_01922
data_01923
data_01926
data_01928
data_01936
data_01943
data_01944
data_01947
data_01952
data_01974
data_01981
data_01984
data_01992
data_01997
data_02006
data_02007
data_02009
data_02016
data_02017
data_02018
data_02021
data_02024
data_02035
data_02042
data_02045
data_02048
data_02050
data_02054
data_02056
data_02062
data_02069
data_02079
data_02082
data_02083
data_02091
data_02106
data_02113
data_02118
data_02119
data_02125
data_02127
data_02128
data_02138
data_02141
data_02143
data_02153
data_02155
data_02157
data_02158
data_02161
data_02162
data_02165
data_02166
data_02170
data_02173
data_02174
data_02182
data_02184
data_02188
data_02189
data_02190
data_02200
data_02203
data_02210
data_02215
data_02218
data_02221
data_02225
data_02231
data_02240
data_02243
data_02256
data_02261
data_02264
data_02267
data_02270
data_02271
data_02281
data_02287
data_02290
data_02298
data_02300
data_02302
data_02309
data_02312
data_02314
data_02322
data_02325
data_02326
data_02327
data_02335
data_02337
data_02346
data_02353
data_02360
data_02362
data_02367
data_02368
data_02377
data_02381
data_02382
data_02383
data_02385
data_02394
data_02412
data_02420
data_02421
data_02423
data_02426
data_02427
data_02429
data_02438
data_02439
data_02440
data_02443
data_02458
data_02464
data_02465
data_02467
data_02469
data_02472
data_02474
data_02476
data_02481
data_02482
data_02490
data_02494
data_02497
data_02499
data_02502
data_02511
data_02517
data_02518
data_02527
data_02533
data_02548
data_02551
data_02552
data_02556
data_02557
data_02570
data_02575
data_02588
data_02593
data_02594
data_02601
data_02607
data_02611
data_02613
data_02614
data_02615
data_02621
data_02624
data_02627
data_02630
data_02643
data_02644
data_02657
data_02665
data_02672
data_02674
data_02679
data_02693
data_02695
data_02700
data_02705
data_02712
data_02713
data_02714
data_02716
data_02725
data_02726
data_02734
data_02736
data_02744
data_02746
data_02747
data_02749
data_02754
data_02759
data_02762
data_02768
data_02769
data_02783
data_02798
data_02799
data_02802
data_02807
data_02809
data_02816
data_02817
data_02819
data_02821
data_02830
data_02833
data_02840
data_02846
data_02855
data_02856
data_02877
data_02884
data_02885
data_02891
data_02896
data_02903
data_02905
data_02908
data_02920
data_02921
data_02922
data_02927
data_02930
data_02941
data_02946
data_02954
data_02957
data_02966
data_02969
data_02975
data_02978
data_02988
data_02991
data_02994
data_02997
data_03003
data_03004
data_03005
data_03012
data_03027
data_03032
data_03035
data_03036
data_03044
data_03053
data_03060
data_03075
data_03085
data_03095
data_03097
data_03099
data_03126
data_03129
data_03130
data_03139
data_03143
data_03144
data_03146
data_03148
data_03151
data_03158
data_03159
data_03160
data_03164
data_03173
data_03176
data_03178
data_03187
data_03191
data_03193
data_03197
data_03202
data_03205
data_03207
data_03213
data_03216
data_03218
data_03223
data_03224
data_03231
data_03234
data_03238
data_03255
data_03258
data_03262
data_03266
data_03270
data_03278
data_03279
data_03281
data_03298
data_03307
data_03311
data_03314
data_03337
data_03341
data_03361
data_03363
data_03370
data_03372
data_03374
data_03379
data_03381
data_03383
data_03394
data_03396
data_03397
data_03398
data_03399
data_03408
data_03410
data_03414
data_03421
data_03422
data_03424
data_03431
data_03433
data_03441
data_03446
data_03449
data_03452
data_03453
data_03467
data_03473
data_03474
data_03488
data_03491
data_03500
data_03504
data_03508
data_03510
data_03511
data_03513
data_03517
data_03535
data_03536
data_03541
data_03550
data_03554
data_03558
data_03559
data_03561
data_03569
data_03570
data_03572
data_03579
data_03590
data_03598
data_03599
data_03603
data_03607
data_03608
data_03611
data_03621
data_03627
data_03630
data_03631
data_03634
data_03640
data_03641
data_03643
data_03645
data_03648
data_03650
data_03652
data_03678
data_03681
data_03682
data_03686
data_03687
data_03688
data_03711
data_03722
data_03727
data_03734
data_03738
data_03740
data_03750
data_03755
data_03758
data_03760
data_037(voice_cmu_yue_wdy_cg)
(voice_cmu_yue_wdy_cg)
(voice_cmu_yue_wdy_cg)
(voice_cmu_yue_wdy_cg)
(voice_cmu_yue_wdy_cg)
(voice_cmu_yue_wdy_cg)
(voice_cmu_yue_wdy_cg)
(voice_cmu_yue_wdy_cg)
(voice_cmu_yue_wdy_cg)
(voice_cmu_yue_wdy_cg)
(voice_cmu_yue_wdy_cg)
(voice_cmu_yue_wdy_cg)
(voice_cmu_yue_wdy_cg)
(voice_cmu_yue_wdy_cg)
(voice_cmu_yue_wdy_cg)
(voice_cmu_yue_wdy_cg)
(voice_cmu_yue_wdy_cg)
(voice_cmu_yue_wdy_cg)
(voice_cmu_yue_wdy_cg)
(voice_cmu_yue_wdy_cg)
(voice_cmu_yue_wdy_cg)
(voice_cmu_yue_wdy_cg)
(voice_cmu_yue_wdy_cg)
(voice_cmu_yue_wdy_cg)
(voice_cmu_yue_wdy_cg)
(voice_cmu_yue_wdy_cg)
(voice_cmu_yue_wdy_cg)
(voice_cmu_yue_wdy_cg)
(voice_cmu_yue_wdy_cg)
(voice_cmu_yue_wdy_cg)
(voice_cmu_yue_wdy_cg)
(voice_cmu_yue_wdy_cg)
(voice_cmu_yue_wdy_cg)
(voice_cmu_yue_wdy_cg)
(voice_cmu_yue_wdy_cg)
(voice_cmu_yue_wdy_cg)
(voice_cmu_yue_wdy_cg)
(voice_cmu_yue_wdy_cg)
(voice_cmu_yue_wdy_cg)
(voice_cmu_yue_wdy_cg)
(voice_cmu_yue_wdy_cg)
(voice_cmu_yue_wdy_cg)
(voice_cmu_yue_wdy_cg)
(voice_cmu_yue_wdy_cg)
(voice_cmu_yue_wdy_cg)
(voice_cmu_yue_wdy_cg)
(voice_cmu_yue_wdy_cg)
(voice_cmu_yue_wdy_cg)
(voice_cmu_yue_wdy_cg)
(voice_cmu_yue_wdy_cg)
(voice_cmu_yue_wdy_cg)
(voice_cmu_yue_wdy_cg)
(voice_cmu_yue_wdy_cg)
(voice_cmu_yue_wdy_cg)
(voice_cmu_yue_wdy_cg)
(voice_cmu_yue_wdy_cg)
(voice_cmu_yue_wdy_cg)
(voice_cmu_yue_wdy_cg)
(voice_cmu_yue_wdy_cg)
(voice_cmu_yue_wdy_cg)
(voice_cmu_yue_wdy_cg)
(voice_cmu_yue_wdy_cg)
(voice_cmu_yue_wdy_cg)
(voice_cmu_yue_wdy_cg)
(voice_cmu_yue_wdy_cg)
(voice_cmu_yue_wdy_cg)
(voice_cmu_yue_wdy_cg)
(voice_cmu_yue_wdy_cg)
(voice_cmu_yue_wdy_cg)
(voice_cmu_yue_wdy_cg)
(voice_cmu_yue_wdy_cg)
(voice_cmu_yue_wdy_cg)
(voice_cmu_yue_wdy_cg)
(voice_cmu_yue_wdy_cg)
(voice_cmu_yue_wdy_cg)
(voice_cmu_yue_wdy_cg)
(voice_cmu_yue_wdy_cg)
(voice_cmu_yue_wdy_cg)
(voice_cmu_yue_wdy_cg)
(voice_cmu_yue_wdy_cg)
(voice_cmu_yue_wdy_cg)
(voice_cmu_yue_wdy_cg)
(voice_cmu_yue_wdy_cg)
(voice_cmu_yue_wdy_cg)
(voice_cmu_yue_wdy_cg)
(voice_cmu_yue_wdy_cg)
(voice_cmu_yue_wdy_cg)
(voice_cmu_yue_wdy_cg)
(voice_cmu_yue_wdy_cg)
(voice_cmu_yue_wdy_cg)
(voice_cmu_yue_wdy_cg)
(voice_cmu_yue_wdy_cg)
(voice_cmu_yue_wdy_cg)
(voice_cmu_yue_wdy_cg)
(voice_cmu_yue_wdy_cg)
(voice_cmu_yue_wdy_cg)
(voice_cmu_yue_wdy_cg)
(voice_cmu_yue_wdy_cg)
(voice_cmu_yue_wdy_cg)
(voice_cmu_yue_wdy_cg)
(voice_cmu_yue_wdy_cg)
(voice_cmu_yue_wdy_cg)
(voice_cmu_yue_wdy_cg)
(voice_cmu_yue_wdy_cg)
(voice_cmu_yue_wdy_cg)
(voice_cmu_yue_wdy_cg)
(voice_cmu_yue_wdy_cg)
(voice_cmu_yue_wdy_cg)
(voice_cmu_yue_wdy_cg)
(voice_cmu_yue_wdy_cg)
(voice_cmu_yue_wdy_cg)
(voice_cmu_yue_wdy_cg)
(voice_cmu_yue_wdy_cg)
(voice_cmu_yue_wdy_cg)
(voice_cmu_yue_wdy_cg)
(voice_cmu_yue_wdy_cg)
(voice_cmu_yue_wdy_cg)
(voice_cmu_yue_wdy_cg)
(voice_cmu_yue_wdy_cg)
(voice_cmu_yue_wdy_cg)
(voice_cmu_yue_wdy_cg)
(voice_cmu_yue_wdy_cg)
(voice_cmu_yue_wdy_cg)
(voice_cmu_yue_wdy_cg)
(voice_cmu_yue_wdy_cg)
(voice_cmu_yue_wdy_cg)
(voice_cmu_yue_wdy_cg)
(voice_cmu_yue_wdy_cg)
(voice_cmu_yue_wdy_cg)
(voice_cmu_yue_wdy_cg)
(voice_cmu_yue_wdy_cg)
(voice_cmu_yue_wdy_cg)
(voice_cmu_yue_wdy_cg)
(voice_cmu_yue_wdy_cg)
(voice_cmu_yue_wdy_cg)
(voice_cmu_yue_wdy_cg)
(voice_cmu_yue_wdy_cg)
(voice_cmu_yue_wdy_cg)
(voice_cmu_yue_wdy_cg)
(voice_cmu_yue_wdy_cg)
(voice_cmu_yue_wdy_cg)
(voice_cmu_yue_wdy_cg)
(voice_cmu_yue_wdy_cg)
(voice_cmu_yue_wdy_cg)
(voice_cmu_yue_wdy_cg)
(voice_cmu_yue_wdy_cg)
(voice_cmu_yue_wdy_cg)
(voice_cmu_yue_wdy_cg)
(voice_cmu_yue_wdy_cg)
(voice_cmu_yue_wdy_cg)
(voice_cmu_yue_wdy_cg)
(voice_cmu_yue_wdy_cg)
(voice_cmu_yue_wdy_cg)
(voice_cmu_yue_wdy_cg)
(voice_cmu_yue_wdy_cg)
(voice_cmu_yue_wdy_cg)
61
data_03762
data_03773
data_03778
data_03785
data_03787
data_03789
data_03790
data_03791
data_03792
data_03793
data_03797
data_03801
data_03830
data_03831
data_03840
data_03841
data_03846
data_03848
data_03849
data_03850
data_03851
data_03852
data_03855
data_03874
data_03875
data_03879
data_03888
data_03891
data_03892
data_03895
data_03897
data_03898
data_03903
data_03905
data_03914
data_03917
data_03921
data_03926
data_03932
data_03938
data_03945
data_03951
data_03956
data_03962
data_03980
data_03982
data_03988
data_03989
data_04002
data_04008
data_04012
data_04016
data_04020
data_04026
data_04028
data_04036
data_04047
data_04049
data_04050
data_04054
data_04057
data_04058
data_04061
data_04063
data_04064
data_04066
data_04067
data_04070
data_04086
data_04087
data_04094
data_04096
data_04097
data_04100
data_04108
data_04109
data_04115
data_04120
data_04124
data_04128
data_04129
data_04135
data_04141
data_04143
data_04147
data_04153
data_04155
data_04165
data_04166
data_04170
data_04171
data_04172
data_04181
data_04187
data_04193
data_04197
data_04212
data_04214
data_04220
data_04225
data_04227
data_04228
data_04234
data_04238
data_04239
data_04242
data_04243
data_04250
data_04256
data_04265
data_04266
data_04268
data_04270
data_04275
data_04289
data_04292
data_04294
data_04304
data_04306
data_04309
data_04313
data_04317
data_04327
data_04329
data_04332
data_04333
data_04343
data_04358
data_04367
data_04371
data_04376
data_04377
data_04392
data_04393
data_04394
data_04395
data_04402
data_04405
data_04408
data_04410
data_04415
data_04429
data_04435
data_04453
data_04456
data_04462
data_04463
data_04465
data_04467
data_04472
data_04482
data_04483
data_04488
data_04492
data_04497
mkdir: /Users/weidong/GoogleDrive/CMU/NLP/Can2Ch_Speech/my_festival/gen_audio/src/dnn/dump/gen_wav: File exists
(voice_cmu_yue_wdy_cg)
data_00010
mkdir: /Users/weidong/GoogleDrive/CMU/NLP/Can2Ch_Speech/my_festival/gen_audio/src/dnn/dump/gen_wav: File exists
(voice_cmu_yue_wdy_cg)
data_00010
mkdir: /Users/weidong/GoogleDrive/CMU/NLP/Can2Ch_Speech/my_festival/gen_audio/src/dnn/dump/gen_wav: File exists
(voice_cmu_yue_wdy_cg)
data_00010
mkdir: /Users/weidong/GoogleDrive/CMU/NLP/Can2Ch_Speech/my_festival/gen_audio/src/dnn/dump/gen_wav: File exists
(voice_cmu_yue_wdy_cg)
data_00010
mkdir: /Users/weidong/GoogleDrive/CMU/NLP/Can2Ch_Speech/my_festival/gen_audio/src/dnn/dump/gen_wav: File exists
(voice_cmu_yue_wdy_cg)
data_00010
mkdir: /Users/weidong/GoogleDrive/CMU/NLP/Can2Ch_Speech/my_festival/gen_audio/src/dnn/dump/gen_wav: File exists
(voice_cmu_yue_wdy_cg)
data_00010
mkdir: /Users/weidong/GoogleDrive/CMU/NLP/Can2Ch_Speech/my_festival/gen_audio/src/dnn/dump/gen_wav: File exists
(voice_cmu_yue_wdy_cg)
data_00010
mkdir: /Users/weidong/GoogleDrive/CMU/NLP/Can2Ch_Speech/my_festival/gen_audio/src/dnn/dump/gen_wav: File exists
(voice_cmu_yue_wdy_cg)
data_00010
mkdir: /Users/weidong/GoogleDrive/CMU/NLP/Can2Ch_Speech/my_festival/gen_audio/src/dnn/dump/gen_wav: File exists
(voice_cmu_yue_wdy_cg)
(voice_cmu_yue_wdy_cg)
data_00009
data_00010
mkdir: /Users/weidong/GoogleDrive/CMU/NLP/Can2Ch_Speech/my_festival/gen_audio/src/dnn/dump/gen_wav: File exists
(voice_cmu_yue_wdy_cg)
(voice_cmu_yue_wdy_cg)
(voice_cmu_yue_wdy_cg)
(voice_cmu_yue_wdy_cg)
(voice_cmu_yue_wdy_cg)
(voice_cmu_yue_wdy_cg)
(voice_cmu_yue_wdy_cg)
(voice_cmu_yue_wdy_cg)
(voice_cmu_yue_wdy_cg)
(voice_cmu_yue_wdy_cg)
(voice_cmu_yue_wdy_cg)
(voice_cmu_yue_wdy_cg)
(voice_cmu_yue_wdy_cg)
(voice_cmu_yue_wdy_cg)
(voice_cmu_yue_wdy_cg)
(voice_cmu_yue_wdy_cg)
(voice_cmu_yue_wdy_cg)
(voice_cmu_yue_wdy_cg)
(voice_cmu_yue_wdy_cg)
(voice_cmu_yue_wdy_cg)
(voice_cmu_yue_wdy_cg)
(voice_cmu_yue_wdy_cg)
(voice_cmu_yue_wdy_cg)
(voice_cmu_yue_wdy_cg)
(voice_cmu_yue_wdy_cg)
(voice_cmu_yue_wdy_cg)
(voice_cmu_yue_wdy_cg)
(voice_cmu_yue_wdy_cg)
(voice_cmu_yue_wdy_cg)
(voice_cmu_yue_wdy_cg)
(voice_cmu_yue_wdy_cg)
(voice_cmu_yue_wdy_cg)
(voice_cmu_yue_wdy_cg)
(voice_cmu_yue_wdy_cg)
(voice_cmu_yue_wdy_cg)
(voice_cmu_yue_wdy_cg)
(voice_cmu_yue_wdy_cg)
(voice_cmu_yue_wdy_cg)
(voice_cmu_yue_wdy_cg)
(voice_cmu_yue_wdy_cg)
data_00001
data_00002
data_00003
data_00004
data_00005
data_00006
data_00007
data_00008
data_00009
data_00010
data_00011
data_00012
data_00013
data_00014
data_00015
data_00016
data_00017
data_00018
data_00019
data_00020
data_00021
data_00022
data_00023
data_00024
data_00025
data_00026
data_00027
data_00028
data_00029
data_00030
data_00031
data_00032
data_00033
data_00034
data_00035
data_00036
data_00037
data_00038
data_00039
data_00040
mkdir: /Users/weidong/GoogleDrive/CMU/NLP/Can2Ch_Speech/my_festival/gen_audio/src/dnn/dump/gen_wav: File exists
(voice_cmu_yue_wdy_cg)
(voice_cmu_yue_wdy_cg)
(voice_cmu_yue_wdy_cg)
(voice_cmu_yue_wdy_cg)
(voice_cmu_yue_wdy_cg)
(voice_cmu_yue_wdy_cg)
(voice_cmu_yue_wdy_cg)
(voice_cmu_yue_wdy_cg)
(voice_cmu_yue_wdy_cg)
(voice_cmu_yue_wdy_cg)
(voice_cmu_yue_wdy_cg)
(voice_cmu_yue_wdy_cg)
(voice_cmu_yue_wdy_cg)
(voice_cmu_yue_wdy_cg)
(voice_cmu_yue_wdy_cg)
(voice_cmu_yue_wdy_cg)
(voice_cmu_yue_wdy_cg)
(voice_cmu_yue_wdy_cg)
(voice_cmu_yue_wdy_cg)
(voice_cmu_yue_wdy_cg)
(voice_cmu_yue_wdy_cg)
(voice_cmu_yue_wdy_cg)
(voice_cmu_yue_wdy_cg)
(voice_cmu_yue_wdy_cg)
(voice_cmu_yue_wdy_cg)
(voice_cmu_yue_wdy_cg)
(voice_cmu_yue_wdy_cg)
(voice_cmu_yue_wdy_cg)
(voice_cmu_yue_wdy_cg)
(voice_cmu_yue_wdy_cg)
(voice_cmu_yue_wdy_cg)
(voice_cmu_yue_wdy_cg)
(voice_cmu_yue_wdy_cg)
(voice_cmu_yue_wdy_cg)
(voice_cmu_yue_wdy_cg)
(voice_cmu_yue_wdy_cg)
(voice_cmu_yue_wdy_cg)
(voice_cmu_yue_wdy_cg)
(voice_cmu_yue_wdy_cg)
(voice_cmu_yue_wdy_cg)
data_00001
data_00002
data_00003
data_00004
data_00005
data_00006
data_00007
data_00008
data_00009
data_00010
data_00011
data_00012
data_00013
data_00014
data_00015
data_00016
data_00017
data_00018
data_00019
data_00020
data_00021
data_00022
data_00023
data_00024
data_00025
data_00026
data_00027
data_00028
data_00029
data_00030
data_00031
data_00032
data_00033
data_00034
data_00035
data_00036
data_00037
data_00038
data_00039
data_00040
mkdir: /Users/weidong/GoogleDrive/CMU/NLP/Can2Ch_Speech/my_festival/gen_audio/src/dnn/dump/gen_wav: File exists
(voice_cmu_yue_wdy_cg)
(voice_cmu_yue_wdy_cg)
(voice_cmu_yue_wdy_cg)
(voice_cmu_yue_wdy_cg)
(voice_cmu_yue_wdy_cg)
(voice_cmu_yue_wdy_cg)
(voice_cmu_yue_wdy_cg)
(voice_cmu_yue_wdy_cg)
(voice_cmu_yue_wdy_cg)
(voice_cmu_yue_wdy_cg)
(voice_cmu_yue_wdy_cg)
(voice_cmu_yue_wdy_cg)
(voice_cmu_yue_wdy_cg)
(voice_cmu_yue_wdy_cg)
(voice_cmu_yue_wdy_cg)
(voice_cmu_yue_wdy_cg)
(voice_cmu_yue_wdy_cg)
(voice_cmu_yue_wdy_cg)
(voice_cmu_yue_wdy_cg)
(voice_cmu_yue_wdy_cg)
(voice_cmu_yue_wdy_cg)
(voice_cmu_yue_wdy_cg)
(voice_cmu_yue_wdy_cg)
(voice_cmu_yue_wdy_cg)
(voice_cmu_yue_wdy_cg)
(voice_cmu_yue_wdy_cg)
(voice_cmu_yue_wdy_cg)
(voice_cmu_yue_wdy_cg)
(voice_cmu_yue_wdy_cg)
(voice_cmu_yue_wdy_cg)
(voice_cmu_yue_wdy_cg)
(voice_cmu_yue_wdy_cg)
(voice_cmu_yue_wdy_cg)
(voice_cmu_yue_wdy_cg)
(voice_cmu_yue_wdy_cg)
(voice_cmu_yue_wdy_cg)
(voice_cmu_yue_wdy_cg)
(voice_cmu_yue_wdy_cg)
(voice_cmu_yue_wdy_cg)
(voice_cmu_yue_wdy_cg)
data_00001
data_00002
data_00003
data_00004
data_00005
data_00006
data_00007
data_00008
data_00009
data_00010
data_00011
data_00012
data_00013
data_00014
data_00015
data_00016
data_00017
data_00018
data_00019
data_00020
data_00021
data_00022
data_00023
data_00024
data_00025
data_00026
data_00027
data_00028
data_00029
data_00030
data_00031
data_00032
data_00033
data_00034
data_00035
data_00036
data_00037
data_00038
data_00039
data_00040
mkdir: /Users/weidong/GoogleDrive/CMU/NLP/Can2Ch_Speech/my_festival/gen_audio/src/dnn/dump/gen_wav: File exists
(voice_cmu_yue_wdy_cg)
(voice_cmu_yue_wdy_cg)
data_00009
data_00010
mkdir: /Users/weidong/GoogleDrive/CMU/NLP/Can2Ch_Speech/my_festival/gen_audio/src/dnn/dump/gen_wav: File exists
(voice_cmu_yue_wdy_cg)
(voice_cmu_yue_wdy_cg)
data_00009
data_00010
mkdir: /Users/weidong/GoogleDrive/CMU/NLP/Can2Ch_Speech/my_festival/gen_audio/src/dnn/dump/gen_wav: File exists
(voice_cmu_yue_wdy_cg)
(voice_cmu_yue_wdy_cg)
data_00009
data_00010
mkdir: /Users/weidong/GoogleDrive/CMU/NLP/Can2Ch_Speech/my_festival/gen_audio/src/dnn/dump/gen_wav: File exists
(voice_cmu_yue_wdy_cg)
(voice_cmu_yue_wdy_cg)
(voice_cmu_yue_wdy_cg)
(voice_cmu_yue_wdy_cg)
(voice_cmu_yue_wdy_cg)
(voice_cmu_yue_wdy_cg)
(voice_cmu_yue_wdy_cg)
(voice_cmu_yue_wdy_cg)
(voice_cmu_yue_wdy_cg)
(voice_cmu_yue_wdy_cg)
(voice_cmu_yue_wdy_cg)
(voice_cmu_yue_wdy_cg)
(voice_cmu_yue_wdy_cg)
(voice_cmu_yue_wdy_cg)
(voice_cmu_yue_wdy_cg)
(voice_cmu_yue_wdy_cg)
(voice_cmu_yue_wdy_cg)
(voice_cmu_yue_wdy_cg)
(voice_cmu_yue_wdy_cg)
(voice_cmu_yue_wdy_cg)
(voice_cmu_yue_wdy_cg)
(voice_cmu_yue_wdy_cg)
(voice_cmu_yue_wdy_cg)
(voice_cmu_yue_wdy_cg)
(voice_cmu_yue_wdy_cg)
(voice_cmu_yue_wdy_cg)
(voice_cmu_yue_wdy_cg)
(voice_cmu_yue_wdy_cg)
(voice_cmu_yue_wdy_cg)
(voice_cmu_yue_wdy_cg)
(voice_cmu_yue_wdy_cg)
(voice_cmu_yue_wdy_cg)
(voice_cmu_yue_wdy_cg)
(voice_cmu_yue_wdy_cg)
(voice_cmu_yue_wdy_cg)
(voice_cmu_yue_wdy_cg)
(voice_cmu_yue_wdy_cg)
(voice_cmu_yue_wdy_cg)
(voice_cmu_yue_wdy_cg)
(voice_cmu_yue_wdy_cg)
data_00001
data_00002
data_00003
data_00004
data_00005
data_00006
data_00007
data_00008
data_00009
data_00010
data_00011
data_00012
data_00013
data_00014
data_00015
data_00016
data_00017
data_00018
data_00019
data_00020
data_00021
data_00022
data_00023
data_00024
data_00025
data_00026
data_00027
data_00028
data_00029
data_00030
data_00031
data_00032
data_00033
data_00034
data_00035
data_00036
data_00037
data_00038
data_00039
data_00040
mkdir: /Users/weidong/GoogleDrive/CMU/NLP/Can2Ch_Speech/my_festival/gen_audio/src/dnn/dump/gen_wav: File exists
(voice_cmu_yue_wdy_cg)
(voice_cmu_yue_wdy_cg)
(voice_cmu_yue_wdy_cg)
(voice_cmu_yue_wdy_cg)
(voice_cmu_yue_wdy_cg)
(voice_cmu_yue_wdy_cg)
(voice_cmu_yue_wdy_cg)
(voice_cmu_yue_wdy_cg)
(voice_cmu_yue_wdy_cg)
(voice_cmu_yue_wdy_cg)
(voice_cmu_yue_wdy_cg)
(voice_cmu_yue_wdy_cg)
(voice_cmu_yue_wdy_cg)
(voice_cmu_yue_wdy_cg)
(voice_cmu_yue_wdy_cg)
(voice_cmu_yue_wdy_cg)
(voice_cmu_yue_wdy_cg)
(voice_cmu_yue_wdy_cg)
(voice_cmu_yue_wdy_cg)
(voice_cmu_yue_wdy_cg)
(voice_cmu_yue_wdy_cg)
(voice_cmu_yue_wdy_cg)
(voice_cmu_yue_wdy_cg)
(voice_cmu_yue_wdy_cg)
(voice_cmu_yue_wdy_cg)
(voice_cmu_yue_wdy_cg)
(voice_cmu_yue_wdy_cg)
(voice_cmu_yue_wdy_cg)
(voice_cmu_yue_wdy_cg)
(voice_cmu_yue_wdy_cg)
(voice_cmu_yue_wdy_cg)
(voice_cmu_yue_wdy_cg)
(voice_cmu_yue_wdy_cg)
(voice_cmu_yue_wdy_cg)
(voice_cmu_yue_wdy_cg)
(voice_cmu_yue_wdy_cg)
(voice_cmu_yue_wdy_cg)
(voice_cmu_yue_wdy_cg)
(voice_cmu_yue_wdy_cg)
(voice_cmu_yue_wdy_cg)
data_00001
data_00002
data_00003
data_00004
data_00005
data_00006
data_00007
data_00008
data_00009
data_00010
data_00011
data_00012
data_00013
data_00014
data_00015
data_00016
data_00017
data_00018
data_00019
data_00020
data_00021
data_00022
data_00023
data_00024
data_00025
data_00026
data_00027
data_00028
data_00029
data_00030
data_00031
data_00032
data_00033
data_00034
data_00035
data_00036
data_00037
data_00038
data_00039
data_00040
mkdir: /Users/weidong/GoogleDrive/CMU/NLP/Can2Ch_Speech/my_festival/gen_audio/src/dnn/dump/gen_wav: File exists
(voice_cmu_yue_wdy_cg)
(voice_cmu_yue_wdy_cg)
(voice_cmu_yue_wdy_cg)
(voice_cmu_yue_wdy_cg)
(voice_cmu_yue_wdy_cg)
(voice_cmu_yue_wdy_cg)
(voice_cmu_yue_wdy_cg)
(voice_cmu_yue_wdy_cg)
(voice_cmu_yue_wdy_cg)
(voice_cmu_yue_wdy_cg)
(voice_cmu_yue_wdy_cg)
(voice_cmu_yue_wdy_cg)
(voice_cmu_yue_wdy_cg)
(voice_cmu_yue_wdy_cg)
(voice_cmu_yue_wdy_cg)
(voice_cmu_yue_wdy_cg)
(voice_cmu_yue_wdy_cg)
(voice_cmu_yue_wdy_cg)
(voice_cmu_yue_wdy_cg)
(voice_cmu_yue_wdy_cg)
(voice_cmu_yue_wdy_cg)
(voice_cmu_yue_wdy_cg)
(voice_cmu_yue_wdy_cg)
(voice_cmu_yue_wdy_cg)
(voice_cmu_yue_wdy_cg)
(voice_cmu_yue_wdy_cg)
(voice_cmu_yue_wdy_cg)
(voice_cmu_yue_wdy_cg)
(voice_cmu_yue_wdy_cg)
(voice_cmu_yue_wdy_cg)
(voice_cmu_yue_wdy_cg)
(voice_cmu_yue_wdy_cg)
(voice_cmu_yue_wdy_cg)
(voice_cmu_yue_wdy_cg)
(voice_cmu_yue_wdy_cg)
(voice_cmu_yue_wdy_cg)
(voice_cmu_yue_wdy_cg)
(voice_cmu_yue_wdy_cg)
(voice_cmu_yue_wdy_cg)
(voice_cmu_yue_wdy_cg)
data_00001
data_00002
data_00003
data_00004
data_00005
data_00006
data_00007
data_00008
data_00009
data_00010
data_00011
data_00012
data_00013
data_00014
data_00015
data_00016
data_00017
data_00018
data_00019
data_00020
data_00021
data_00022
data_00023
data_00024
data_00025
data_00026
data_00027
data_00028
data_00029
data_00030
data_00031
data_00032
data_00033
data_00034
data_00035
data_00036
data_00037
data_00038
data_00039
data_00040
mkdir: /Users/weidong/GoogleDrive/CMU/NLP/Can2Ch_Speech/my_festival/gen_audio/src/dnn/dump/gen_wav: File exists
(voice_cmu_yue_wdy_cg)
(voice_cmu_yue_wdy_cg)
(voice_cmu_yue_wdy_cg)
(voice_cmu_yue_wdy_cg)
(voice_cmu_yue_wdy_cg)
(voice_cmu_yue_wdy_cg)
(voice_cmu_yue_wdy_cg)
(voice_cmu_yue_wdy_cg)
(voice_cmu_yue_wdy_cg)
(voice_cmu_yue_wdy_cg)
(voice_cmu_yue_wdy_cg)
(voice_cmu_yue_wdy_cg)
(voice_cmu_yue_wdy_cg)
(voice_cmu_yue_wdy_cg)
(voice_cmu_yue_wdy_cg)
(voice_cmu_yue_wdy_cg)
(voice_cmu_yue_wdy_cg)
(voice_cmu_yue_wdy_cg)
(voice_cmu_yue_wdy_cg)
(voice_cmu_yue_wdy_cg)
(voice_cmu_yue_wdy_cg)
(voice_cmu_yue_wdy_cg)
(voice_cmu_yue_wdy_cg)
(voice_cmu_yue_wdy_cg)
(voice_cmu_yue_wdy_cg)
(voice_cmu_yue_wdy_cg)
(voice_cmu_yue_wdy_cg)
(voice_cmu_yue_wdy_cg)
(voice_cmu_yue_wdy_cg)
(voice_cmu_yue_wdy_cg)
(voice_cmu_yue_wdy_cg)
(voice_cmu_yue_wdy_cg)
(voice_cmu_yue_wdy_cg)
(voice_cmu_yue_wdy_cg)
(voice_cmu_yue_wdy_cg)
(voice_cmu_yue_wdy_cg)
(voice_cmu_yue_wdy_cg)
(voice_cmu_yue_wdy_cg)
(voice_cmu_yue_wdy_cg)
(voice_cmu_yue_wdy_cg)
data_00001
data_00002
data_00003
data_00004
data_00005
data_00006
data_00007
data_00008
data_00009
data_00010
data_00011
data_00012
data_00013
data_00014
data_00015
data_00016
data_00017
data_00018
data_00019
data_00020
data_00021
data_00022
data_00023
data_00024
data_00025
data_00026
data_00027
data_00028
data_00029
data_00030
data_00031
data_00032
data_00033
data_00034
data_00035
data_00036
data_00037
data_00038
data_00039
data_00040
mkdir: /Users/weidong/GoogleDrive/CMU/NLP/Can2Ch_Speech/my_festival/gen_audio/src/dnn/dump/gen_wav: File exists
(voice_cmu_yue_wdy_cg)
(voice_cmu_yue_wdy_cg)
(voice_cmu_yue_wdy_cg)
(voice_cmu_yue_wdy_cg)
(voice_cmu_yue_wdy_cg)
(voice_cmu_yue_wdy_cg)
(voice_cmu_yue_wdy_cg)
(voice_cmu_yue_wdy_cg)
(voice_cmu_yue_wdy_cg)
(voice_cmu_yue_wdy_cg)
(voice_cmu_yue_wdy_cg)
(voice_cmu_yue_wdy_cg)
(voice_cmu_yue_wdy_cg)
(voice_cmu_yue_wdy_cg)
(voice_cmu_yue_wdy_cg)
(voice_cmu_yue_wdy_cg)
(voice_cmu_yue_wdy_cg)
(voice_cmu_yue_wdy_cg)
(voice_cmu_yue_wdy_cg)
(voice_cmu_yue_wdy_cg)
(voice_cmu_yue_wdy_cg)
(voice_cmu_yue_wdy_cg)
(voice_cmu_yue_wdy_cg)
(voice_cmu_yue_wdy_cg)
(voice_cmu_yue_wdy_cg)
(voice_cmu_yue_wdy_cg)
(voice_cmu_yue_wdy_cg)
(voice_cmu_yue_wdy_cg)
(voice_cmu_yue_wdy_cg)
(voice_cmu_yue_wdy_cg)
(voice_cmu_yue_wdy_cg)
(voice_cmu_yue_wdy_cg)
(voice_cmu_yue_wdy_cg)
(voice_cmu_yue_wdy_cg)
(voice_cmu_yue_wdy_cg)
(voice_cmu_yue_wdy_cg)
(voice_cmu_yue_wdy_cg)
(voice_cmu_yue_wdy_cg)
(voice_cmu_yue_wdy_cg)
(voice_cmu_yue_wdy_cg)
data_00001
data_00002
data_00003
data_00004
data_00005
data_00006
data_00007
data_00008
data_00009
data_00010
data_00011
data_00012
data_00013
data_00014
data_00015
data_00016
data_00017
data_00018
data_00019
data_00020
data_00021
data_00022
data_00023
data_00024
data_00025
data_00026
data_00027
data_00028
data_00029
data_00030
data_00031
data_00032
data_00033
data_00034
data_00035
data_00036
data_00037
data_00038
data_00039
data_00040
mkdir: /Users/weidong/GoogleDrive/CMU/NLP/Can2Ch_Speech/my_festival/gen_audio/src/dnn/dump/haha: File exists
(voice_cmu_yue_wdy_cg)
(voice_cmu_yue_wdy_cg)
(voice_cmu_yue_wdy_cg)
(voice_cmu_yue_wdy_cg)
(voice_cmu_yue_wdy_cg)
(voice_cmu_yue_wdy_cg)
(voice_cmu_yue_wdy_cg)
(voice_cmu_yue_wdy_cg)
(voice_cmu_yue_wdy_cg)
(voice_cmu_yue_wdy_cg)
(voice_cmu_yue_wdy_cg)
(voice_cmu_yue_wdy_cg)
(voice_cmu_yue_wdy_cg)
(voice_cmu_yue_wdy_cg)
(voice_cmu_yue_wdy_cg)
(voice_cmu_yue_wdy_cg)
(voice_cmu_yue_wdy_cg)
(voice_cmu_yue_wdy_cg)
(voice_cmu_yue_wdy_cg)
(voice_cmu_yue_wdy_cg)
(voice_cmu_yue_wdy_cg)
(voice_cmu_yue_wdy_cg)
(voice_cmu_yue_wdy_cg)
(voice_cmu_yue_wdy_cg)
(voice_cmu_yue_wdy_cg)
(voice_cmu_yue_wdy_cg)
(voice_cmu_yue_wdy_cg)
(voice_cmu_yue_wdy_cg)
(voice_cmu_yue_wdy_cg)
(voice_cmu_yue_wdy_cg)
(voice_cmu_yue_wdy_cg)
(voice_cmu_yue_wdy_cg)
(voice_cmu_yue_wdy_cg)
(voice_cmu_yue_wdy_cg)
(voice_cmu_yue_wdy_cg)
(voice_cmu_yue_wdy_cg)
(voice_cmu_yue_wdy_cg)
(voice_cmu_yue_wdy_cg)
(voice_cmu_yue_wdy_cg)
(voice_cmu_yue_wdy_cg)
data_00001
data_00002
data_00003
data_00004
data_00005
data_00006
data_00007
data_00008
data_00009
data_00010
data_00011
data_00012
data_00013
data_00014
data_00015
data_00016
data_00017
data_00018
data_00019
data_00020
data_00021
data_00022
data_00023
data_00024
data_00025
data_00026
data_00027
data_00028
data_00029
data_00030
data_00031
data_00032
data_00033
data_00034
data_00035
data_00036
data_00037
data_00038
data_00039
data_00040
mkdir: /Users/weidong/GoogleDrive/CMU/NLP/Can2Ch_Speech/my_festival/gen_audio/src/dnn/dump/tone_exp_predict: File exists
(voice_cmu_yue_wdy_cg)
(voice_cmu_yue_wdy_cg)
(voice_cmu_yue_wdy_cg)
(voice_cmu_yue_wdy_cg)
(voice_cmu_yue_wdy_cg)
(voice_cmu_yue_wdy_cg)
(voice_cmu_yue_wdy_cg)
(voice_cmu_yue_wdy_cg)
(voice_cmu_yue_wdy_cg)
(voice_cmu_yue_wdy_cg)
(voice_cmu_yue_wdy_cg)
(voice_cmu_yue_wdy_cg)
(voice_cmu_yue_wdy_cg)
(voice_cmu_yue_wdy_cg)
(voice_cmu_yue_wdy_cg)
(voice_cmu_yue_wdy_cg)
(voice_cmu_yue_wdy_cg)
(voice_cmu_yue_wdy_cg)
(voice_cmu_yue_wdy_cg)
(voice_cmu_yue_wdy_cg)
(voice_cmu_yue_wdy_cg)
(voice_cmu_yue_wdy_cg)
(voice_cmu_yue_wdy_cg)
(voice_cmu_yue_wdy_cg)
(voice_cmu_yue_wdy_cg)
(voice_cmu_yue_wdy_cg)
(voice_cmu_yue_wdy_cg)
(voice_cmu_yue_wdy_cg)
(voice_cmu_yue_wdy_cg)
(voice_cmu_yue_wdy_cg)
(voice_cmu_yue_wdy_cg)
(voice_cmu_yue_wdy_cg)
(voice_cmu_yue_wdy_cg)
(voice_cmu_yue_wdy_cg)
(voice_cmu_yue_wdy_cg)
(voice_cmu_yue_wdy_cg)
(voice_cmu_yue_wdy_cg)
(voice_cmu_yue_wdy_cg)
(voice_cmu_yue_wdy_cg)
(voice_cmu_yue_wdy_cg)
data_00001
data_00002
data_00003
data_00004
data_00005
data_00006
data_00007
data_00008
data_00009
data_00010
data_00011
data_00012
data_00013
data_00014
data_00015
data_00016
data_00017
data_00018
data_00019
data_00020
data_00021
data_00022
data_00023
data_00024
data_00025
data_00026
data_00027
data_00028
data_00029
data_00030
data_00031
data_00032
data_00033
data_00034
data_00035
data_00036
data_00037
data_00038
data_00039
data_00040
